<?xml version="1.0" encoding="UTF-8"?>
<!-- Generated by org.testng.reporters.JUnitXMLReporter -->
<testsuite hostname="LAPTOP-Q794HR9O" ignored="8" name="Default test" tests="1" failures="0" timestamp="07 Aug 2018 18:39:28 GMT" time="18.396" errors="0">
  <testcase name="tc1_verifyDestinationPageNavigation" time="8.639" classname="com.placepass.marriottMoments.tests.TestClass1"/>
  <testcase name="tc0_verifyAllLinks" time="0.0" classname="com.placepass.marriottMoments.tests.TestClass1">
    <ignored/>
  </testcase> <!-- tc0_verifyAllLinks -->
  <testcase name="tc2_verifyDestinationSearch" time="0.0" classname="com.placepass.marriottMoments.tests.TestClass1">
    <ignored/>
  </testcase> <!-- tc2_verifyDestinationSearch -->
  <testcase name="tc3_verifyDestinationSearch" time="0.0" classname="com.placepass.marriottMoments.tests.TestClass1">
    <ignored/>
  </testcase> <!-- tc3_verifyDestinationSearch -->
  <testcase name="tc6_BookCalenderShouldApper" time="0.0" classname="com.placepass.marriottMoments.tests.TestClass1">
    <ignored/>
  </testcase> <!-- tc6_BookCalenderShouldApper -->
  <testcase name="tc7_BookWith1Guest" time="0.0" classname="com.placepass.marriottMoments.tests.TestClass1">
    <ignored/>
  </testcase> <!-- tc7_BookWith1Guest -->
  <testcase name="tc7_BookWithOutPayentInfo" time="0.0" classname="com.placepass.marriottMoments.tests.TestClass1">
    <ignored/>
  </testcase> <!-- tc7_BookWithOutPayentInfo -->
  <testcase name="tc5_maxPriceValidation" time="0.0" classname="com.placepass.marriottMoments.tests.TestClass1">
    <ignored/>
  </testcase> <!-- tc5_maxPriceValidation -->
  <testcase name="tc4_verifyAavilabityDates" time="0.0" classname="com.placepass.marriottMoments.tests.TestClass1">
    <ignored/>
  </testcase> <!-- tc4_verifyAavilabityDates -->
</testsuite> <!-- Default test -->
